0 info it worked if it ends with ok
1 verbose cli [ 'node', '/usr/bin/npm', 'install', 'grunt' ]
2 info using npm@1.3.23
3 info using node@v0.10.24
4 verbose node symlink /usr/bin/node
5 verbose cache add [ 'grunt', null ]
6 verbose cache add name=undefined spec="grunt" args=["grunt",null]
7 verbose parsed url { protocol: null,
7 verbose parsed url   slashes: null,
7 verbose parsed url   auth: null,
7 verbose parsed url   host: null,
7 verbose parsed url   port: null,
7 verbose parsed url   hostname: null,
7 verbose parsed url   hash: null,
7 verbose parsed url   search: null,
7 verbose parsed url   query: null,
7 verbose parsed url   pathname: 'grunt',
7 verbose parsed url   path: 'grunt',
7 verbose parsed url   href: 'grunt' }
8 silly lockFile 20ff3fd8-grunt grunt
9 verbose lock grunt /home/quickstart/.npm/20ff3fd8-grunt.lock
10 silly lockFile 20ff3fd8-grunt grunt
11 silly lockFile 20ff3fd8-grunt grunt
12 verbose addNamed [ 'grunt', '' ]
13 verbose addNamed [ null, '*' ]
14 silly lockFile 55f1ff24-grunt grunt@
15 verbose lock grunt@ /home/quickstart/.npm/55f1ff24-grunt.lock
16 silly addNameRange { name: 'grunt', range: '*', hasData: false }
17 verbose url raw grunt
18 verbose url resolving [ 'https://registry.npmjs.org/', './grunt' ]
19 verbose url resolved https://registry.npmjs.org/grunt
20 info trying registry request attempt 1 at 13:09:21
21 http GET https://registry.npmjs.org/grunt
22 http 200 https://registry.npmjs.org/grunt
23 silly registry.get cb [ 200,
23 silly registry.get   { date: 'Tue, 04 Feb 2014 21:09:17 GMT',
23 silly registry.get     server: 'CouchDB/1.5.0 (Erlang OTP/R16B)',
23 silly registry.get     etag: '"CAZ8WIGL2BMI1ZS6N5C5TPXNE"',
23 silly registry.get     'content-type': 'application/json',
23 silly registry.get     via: '1.1 varnish',
23 silly registry.get     'cache-control': 'max-age=1',
23 silly registry.get     'content-length': '217193',
23 silly registry.get     'accept-ranges': 'bytes',
23 silly registry.get     age: '5936',
23 silly registry.get     'x-served-by': 'cache-v43-ASH, cache-am69-AMS',
23 silly registry.get     'x-cache': 'HIT, HIT',
23 silly registry.get     'x-cache-hits': '1, 1',
23 silly registry.get     'x-timer': 'S1391542286.237408161,VS0,VS46,VE123,VE5871668',
23 silly registry.get     vary: 'Accept',
23 silly registry.get     'keep-alive': 'timeout=10, max=50',
23 silly registry.get     connection: 'Keep-Alive' } ]
24 silly addNameRange number 2 { name: 'grunt', range: '*', hasData: true }
25 silly addNameRange versions [ 'grunt',
25 silly addNameRange   [ '0.1.0',
25 silly addNameRange     '0.1.1',
25 silly addNameRange     '0.1.2',
25 silly addNameRange     '0.2.0',
25 silly addNameRange     '0.2.1',
25 silly addNameRange     '0.2.2',
25 silly addNameRange     '0.2.3',
25 silly addNameRange     '0.2.4',
25 silly addNameRange     '0.2.5',
25 silly addNameRange     '0.2.6',
25 silly addNameRange     '0.2.7',
25 silly addNameRange     '0.2.8',
25 silly addNameRange     '0.2.9',
25 silly addNameRange     '0.2.10',
25 silly addNameRange     '0.2.11',
25 silly addNameRange     '0.2.12',
25 silly addNameRange     '0.2.13',
25 silly addNameRange     '0.2.14',
25 silly addNameRange     '0.2.15',
25 silly addNameRange     '0.3.0',
25 silly addNameRange     '0.3.1',
25 silly addNameRange     '0.3.2',
25 silly addNameRange     '0.3.3',
25 silly addNameRange     '0.3.4',
25 silly addNameRange     '0.3.5',
25 silly addNameRange     '0.3.6',
25 silly addNameRange     '0.3.7',
25 silly addNameRange     '0.3.8',
25 silly addNameRange     '0.3.9',
25 silly addNameRange     '0.3.10',
25 silly addNameRange     '0.3.11',
25 silly addNameRange     '0.3.12',
25 silly addNameRange     '0.3.13',
25 silly addNameRange     '0.3.14',
25 silly addNameRange     '0.3.15',
25 silly addNameRange     '0.3.16',
25 silly addNameRange     '0.3.17',
25 silly addNameRange     '0.4.0',
25 silly addNameRange     '0.4.1',
25 silly addNameRange     '0.4.2',
25 silly addNameRange     '0.3.13-a',
25 silly addNameRange     '0.4.0-a',
25 silly addNameRange     '0.4.0-rc1',
25 silly addNameRange     '0.4.0-rc2',
25 silly addNameRange     '0.4.0-rc3',
25 silly addNameRange     '0.4.0-rc4',
25 silly addNameRange     '0.4.0-rc5',
25 silly addNameRange     '0.4.0-rc6',
25 silly addNameRange     '0.4.0-rc7',
25 silly addNameRange     '0.4.0-rc8' ] ]
26 verbose addNamed [ 'grunt', '0.4.2' ]
27 verbose addNamed [ '0.4.2', '0.4.2' ]
28 silly lockFile 1a580867-grunt-0-4-2 grunt@0.4.2
29 verbose lock grunt@0.4.2 /home/quickstart/.npm/1a580867-grunt-0-4-2.lock
30 silly lockFile 2080d0d9--npmjs-org-grunt-grunt-0-4-2-tgz https://registry.npmjs.org/grunt/-/grunt-0.4.2.tgz
31 verbose lock https://registry.npmjs.org/grunt/-/grunt-0.4.2.tgz /home/quickstart/.npm/2080d0d9--npmjs-org-grunt-grunt-0-4-2-tgz.lock
32 verbose addRemoteTarball [ 'https://registry.npmjs.org/grunt/-/grunt-0.4.2.tgz',
32 verbose addRemoteTarball   '895b4f28a6102bffd41d365a65e8be2d6a293d93' ]
33 silly lockFile 2080d0d9--npmjs-org-grunt-grunt-0-4-2-tgz https://registry.npmjs.org/grunt/-/grunt-0.4.2.tgz
34 silly lockFile 2080d0d9--npmjs-org-grunt-grunt-0-4-2-tgz https://registry.npmjs.org/grunt/-/grunt-0.4.2.tgz
35 silly lockFile 1a580867-grunt-0-4-2 grunt@0.4.2
36 silly lockFile 1a580867-grunt-0-4-2 grunt@0.4.2
37 silly lockFile 55f1ff24-grunt grunt@
38 silly lockFile 55f1ff24-grunt grunt@
39 error Error: EACCES, mkdir '/home/quickstart/tmp/npm-5225-jAscvFjQ'
39 error  { [Error: EACCES, mkdir '/home/quickstart/tmp/npm-5225-jAscvFjQ']
39 error   errno: 3,
39 error   code: 'EACCES',
39 error   path: '/home/quickstart/tmp/npm-5225-jAscvFjQ' }
40 error Please try running this command again as root/Administrator.
41 error System Linux 3.2.0-58-virtual
42 error command "node" "/usr/bin/npm" "install" "grunt"
43 error cwd /home/quickstart/websites/footwork.dev
44 error node -v v0.10.24
45 error npm -v 1.3.23
46 error path /home/quickstart/tmp/npm-5225-jAscvFjQ
47 error code EACCES
48 error errno 3
49 error stack Error: EACCES, mkdir '/home/quickstart/tmp/npm-5225-jAscvFjQ'
50 verbose exit [ 3, true ]
